01:25:28 INFO:Init settigs in the True mode
01:25:29 INFO:Start filling data
01:25:29 INFO:Filling line: Send To: it_reports@bk.ru

01:25:29 INFO:Filling line: FileName: otchet.xlsx

01:25:29 INFO:Filling line: File Send: 0

01:25:29 INFO:Filling line: City: Москва

01:25:29 INFO:Filling line: Sending Activate: 1

01:25:29 INFO:Filling line: Binance Currency: XEMBTC

01:25:29 INFO:Filling line: NoIp: 13

01:25:29 INFO:Filling line: None: date: 1

01:25:29 INFO:Filling line: -1

01:25:29 INFO:Filling line: Москва, City, Клинцы, Салехард

01:25:29 INFO:Filling line: -2

01:25:29 INFO:Filling line: XEMBTC, BTCUSDT, NEOBTC, TRXBTC
01:25:29 INFO:End filling data
01:25:29 INFO:Settings are initialized
01:25:29 INFO:Start initing Settings
01:25:29 INFO:Start create_keyboard_cities()
01:25:29 INFO:End create_keyboard_cities()
01:25:29 INFO:Start create_keyboard_binance()
01:25:29 INFO:End create_keyboard_binance()
01:25:29 INFO:End initing Settings
01:25:29 INFO:Bot: tapakahokot test bot [@TapakahoBot]
01:25:30 WARNING:Updates were skipped successfully.
01:25:30 INFO:Start initing all schedules
01:25:30 INFO:End initing all schedules
01:25:30 INFO:Start running schedules cycle (while True)
01:25:30 INFO:Start polling.
01:25:31 INFO:Running job Every 1 second do check_work_last_online() (last run: [never], next run: 2021-05-20 01:25:31)
01:25:32 INFO:Running job Every 1 second do check_work_last_online() (last run: 2021-05-20 01:25:31, next run: 2021-05-20 01:25:32)
01:25:33 INFO:Running job Every 1 second do check_work_last_online() (last run: 2021-05-20 01:25:32, next run: 2021-05-20 01:25:33)
01:25:34 INFO:Running job Every 1 second do check_work_last_online() (last run: 2021-05-20 01:25:33, next run: 2021-05-20 01:25:34)
01:25:35 INFO:Running job Every 1 second do check_work_last_online() (last run: 2021-05-20 01:25:34, next run: 2021-05-20 01:25:35)
01:25:36 INFO:Running job Every 1 second do check_work_last_online() (last run: 2021-05-20 01:25:35, next run: 2021-05-20 01:25:36)
01:25:37 INFO:Running job Every 1 second do check_work_last_online() (last run: 2021-05-20 01:25:36, next run: 2021-05-20 01:25:37)
01:25:38 INFO:Start рабочая клавиатура message handler by (472914986 <=> TAPAKAHOKOT)
01:25:38 ERROR:Task exception was never retrieved
future: <Task finished name='Task-17' coro=<Dispatcher._process_polling_updates() done, defined at C:\Users\Igrok\AppData\Local\Programs\Python\Python38\lib\site-packages\aiogram\dispatcher\dispatcher.py:380> exception=AttributeError("type object 'datetime.datetime' has no attribute 'datetime'")>
Traceback (most recent call last):
  File "C:\Users\Igrok\AppData\Local\Programs\Python\Python38\lib\site-packages\aiogram\dispatcher\dispatcher.py", line 388, in _process_polling_updates
    for responses in itertools.chain.from_iterable(await self.process_updates(updates, fast)):
  File "C:\Users\Igrok\AppData\Local\Programs\Python\Python38\lib\site-packages\aiogram\dispatcher\dispatcher.py", line 225, in process_updates
    return await asyncio.gather(*tasks)
  File "C:\Users\Igrok\AppData\Local\Programs\Python\Python38\lib\site-packages\aiogram\dispatcher\handler.py", line 117, in notify
    response = await handler_obj.handler(*args, **partial_data)
  File "C:\Users\Igrok\AppData\Local\Programs\Python\Python38\lib\site-packages\aiogram\dispatcher\dispatcher.py", line 246, in process_update
    return await self.message_handlers.notify(update.message)
  File "C:\Users\Igrok\AppData\Local\Programs\Python\Python38\lib\site-packages\aiogram\dispatcher\handler.py", line 117, in notify
    response = await handler_obj.handler(*args, **partial_data)
  File ".\bot_sender.py", line 83, in cmd_start
    get_work_time(settings, message.from_user["id"]).last_online_time = datetime.datetime.now()
AttributeError: type object 'datetime.datetime' has no attribute 'datetime'
01:25:39 INFO:Running job Every 1 second do check_work_last_online() (last run: 2021-05-20 01:25:37, next run: 2021-05-20 01:25:38)
01:25:40 INFO:Running job Every 1 second do check_work_last_online() (last run: 2021-05-20 01:25:39, next run: 2021-05-20 01:25:40)
01:25:41 INFO:Running job Every 1 second do check_work_last_online() (last run: 2021-05-20 01:25:40, next run: 2021-05-20 01:25:41)
01:25:42 INFO:Running job Every 1 second do check_work_last_online() (last run: 2021-05-20 01:25:41, next run: 2021-05-20 01:25:42)
01:25:43 INFO:Running job Every 1 second do check_work_last_online() (last run: 2021-05-20 01:25:42, next run: 2021-05-20 01:25:43)
01:25:44 INFO:Running job Every 1 second do check_work_last_online() (last run: 2021-05-20 01:25:43, next run: 2021-05-20 01:25:44)
01:25:46 INFO:Running job Every 1 second do check_work_last_online() (last run: 2021-05-20 01:25:44, next run: 2021-05-20 01:25:45)
01:25:47 INFO:Running job Every 1 second do check_work_last_online() (last run: 2021-05-20 01:25:46, next run: 2021-05-20 01:25:47)
01:25:48 INFO:Running job Every 1 second do check_work_last_online() (last run: 2021-05-20 01:25:47, next run: 2021-05-20 01:25:48)
01:25:49 INFO:Running job Every 1 second do check_work_last_online() (last run: 2021-05-20 01:25:48, next run: 2021-05-20 01:25:49)
01:25:50 INFO:Running job Every 1 second do check_work_last_online() (last run: 2021-05-20 01:25:49, next run: 2021-05-20 01:25:50)
01:25:51 INFO:Stop polling...
01:25:51 WARNING:Goodbye!
